0 info it worked if it ends with ok
1 verbose cli [ 'E:\\ORSAY\\Framework\\NodeJSPortable\\App\\NodeJS\\node.exe',
1 verbose cli   'E:\\ORSAY\\Framework\\NodeJSPortable\\Data\\node_modules\\npm\\bin\\npm-cli.js',
1 verbose cli   'run',
1 verbose cli   'lite' ]
2 info using npm@3.5.3
3 info using node@v5.7.0
4 verbose run-script [ 'prelite', 'lite', 'postlite' ]
5 info lifecycle angular2-quickstart@1.0.0~prelite: angular2-quickstart@1.0.0
6 silly lifecycle angular2-quickstart@1.0.0~prelite: no script for prelite, continuing
7 info lifecycle angular2-quickstart@1.0.0~lite: angular2-quickstart@1.0.0
8 verbose lifecycle angular2-quickstart@1.0.0~lite: unsafe-perm in lifecycle true
9 verbose lifecycle angular2-quickstart@1.0.0~lite: PATH: E:\ORSAY\Framework\NodeJSPortable\Data\node_modules\npm\bin\node-gyp-bin;E:\ORSAY\Framework\AngularTS3\node_modules\.bin;E:\ORSAY\Framework\NodeJSPortable\Data\node_modules\npm\bin\node-gyp-bin;E:\ORSAY\Framework\AngularTS3\node_modules\.bin;E:\ORSAY\Framework\NodeJSPortable\App\NodeJS;E:\ORSAY\Framework\NodeJSPortable\Data;C:\ProgramData\Oracle\Java\javapath;C:\Oracle\product\11.2.0\client_1\bin;C:\Windows\system32;C:\Windows;C:\Windows\System32\Wbem;C:\Windows\System32\WindowsPowerShell\v1.0\;C:\Program Files\TortoiseGit\bin;C:\Program Files\TortoiseSVN\bin;C:\Anaconda;C:\Anaconda\Scripts;C:\Program Files (x86)\Windows Kits\8.1\Windows Performance Toolkit\;C:\Program Files\Microsoft SQL Server\110\Tools\Binn\;C:\Program Files (x86)\Microsoft SDKs\TypeScript\1.0\;C:\Program Files\Java\jdk1.8\bin;
10 verbose lifecycle angular2-quickstart@1.0.0~lite: CWD: E:\ORSAY\Framework\AngularTS3
11 silly lifecycle angular2-quickstart@1.0.0~lite: Args: [ '/d /s /c', 'lite-server' ]
12 silly lifecycle angular2-quickstart@1.0.0~lite: Returned: code: 1073807364  signal: null
13 info lifecycle angular2-quickstart@1.0.0~lite: Failed to exec lite script
14 verbose stack Error: angular2-quickstart@1.0.0 lite: `lite-server`
14 verbose stack Exit status 1073807364
14 verbose stack     at EventEmitter.<anonymous> (E:\ORSAY\Framework\NodeJSPortable\Data\node_modules\npm\lib\utils\lifecycle.js:232:16)
14 verbose stack     at emitTwo (events.js:100:13)
14 verbose stack     at EventEmitter.emit (events.js:185:7)
14 verbose stack     at ChildProcess.<anonymous> (E:\ORSAY\Framework\NodeJSPortable\Data\node_modules\npm\lib\utils\spawn.js:24:14)
14 verbose stack     at emitTwo (events.js:100:13)
14 verbose stack     at ChildProcess.emit (events.js:185:7)
14 verbose stack     at maybeClose (internal/child_process.js:827:16)
14 verbose stack     at Process.ChildProcess._handle.onexit (internal/child_process.js:211:5)
15 verbose pkgid angular2-quickstart@1.0.0
16 verbose cwd E:\ORSAY\Framework\AngularTS3
17 error Windows_NT 6.1.7601
18 error argv "E:\\ORSAY\\Framework\\NodeJSPortable\\App\\NodeJS\\node.exe" "E:\\ORSAY\\Framework\\NodeJSPortable\\Data\\node_modules\\npm\\bin\\npm-cli.js" "run" "lite"
19 error node v5.7.0
20 error npm  v3.5.3
21 error code ELIFECYCLE
22 error angular2-quickstart@1.0.0 lite: `lite-server`
22 error Exit status 1073807364
23 error Failed at the angular2-quickstart@1.0.0 lite script 'lite-server'.
23 error Make sure you have the latest version of node.js and npm installed.
23 error If you do, this is most likely a problem with the angular2-quickstart package,
23 error not with npm itself.
23 error Tell the author that this fails on your system:
23 error     lite-server
23 error You can get information on how to open an issue for this project with:
23 error     npm bugs angular2-quickstart
23 error Or if that isn't available, you can get their info via:
23 error     npm owner ls angular2-quickstart
23 error There is likely additional logging output above.
24 verbose exit [ 1, true ]
